<?xml version="1.0"?>
<!DOCTYPE folder-listing SYSTEM "obex-folder-listing.dtd">
<folder-listing version="1.0">
   <file name="GlucoMonStationary.jad" size="494" modified="20020101T000032" user-perm="RWD" group-perm="" />
   <file name="GlucoMonStationary.jar" size="23263" modified="20020101T000032" user-perm="RWD" group-perm="" />
</folder-listing>
[H[2Jspawn cu -l /dev/ttyUSB0 -s 115200
Connected.
at
OK
at^scid
^SCID: 89310380106034850067

OK
at+cgsn
354745031233440

OK
at^scfg="Userware/Passwd",,Jd3jK9u,Jd3jK9u
ERROR
at^scfg="Userware/Autostart","Jd3jK9u","1"
ERROR
at^scfg="Userware/autostart/appname","Jd3jK9u","a:/ota/GlucoMonStationary.jar"
ERROR
at^scfg="Userware/autostart/delay","Jd3jK9u","100"
ERROR
