at
OK
at^scfg?
^SCFG: "AutoExec","0","0","0","0",""
^SCFG: "AutoExec","0","1","0","0","","000:00:00","000:00:00"
^SCFG: "AutoExec","0","1","1","0","","000:00:00","000:00:00"
^SCFG: "AutoExec","0","1","2","0","","000:00:00","000:00:00"
^SCFG: "GPRS/ATS0/withAttach","on"
^SCFG: "GPRS/AutoAttach","disabled"
^SCFG: "GPRS/PersistentContexts","0"
^SCFG: "GPRS/RingOnIncomingData","off"
^SCFG: "MEopMode/Airplane","off"
^SCFG: "MEopMode/Airplane/OnStart","off"
^SCFG: "MEShutdown/OnIgnition","on"
^SCFG: "PowerSaver/Mode9/Timeout","20"
^SCFG: "Radio/Band","12","15"
^SCFG: "Radio/OutputPowerReduction","3"
^SCFG: "Tcp/IRT","3"
^SCFG: "Tcp/MR","10"
^SCFG: "Tcp/SAck","1"
^SCFG: "Tcp/TTcp","0"
^SCFG: "Tcp/OT","4119"
^SCFG: "Tcp/WithURCs","on"
^SCFG: "Trace/Syslog/OTAP","0"
^SCFG: "Userware/Autostart","0"
^SCFG: "Userware/Autostart/AppName","a:/ota/GlucoMonStationary.jar"
^SCFG: "Userware/Autostart/Delay","100"
^SCFG: "Userware/DebugInterface","0.0.0.0","0.0.0.0","0"
^SCFG: "Userware/Passwd"
^SCFG: "Userware/Mode","normal","","00000"
^SCFG: "Userware/Stdout","ASC1"
^SCFG: "URC/CallStatus/CIEV","restricted"
^SCFG: "URC/CallStatus/SLCC","verbose"
^SCFG: "URC/Datamode/Ringline","off"
^SCFG: "URC/Ringline","local"
^SCFG: "URC/Ringline/ActiveTime","2"

OK
AT^SCFG="Stdout" 
ERROR
Aat
OK
at
OK
AT^SCFG="Stdout" ?
ERROR
at^scfg="Userware/Stdout"?
ERROR
at^SCFG: "Userware/Stdout"
ERROR
AT^SCFG=?
^SCFG: "AutoExec",("0-1","0-1","0-2","0-255","120","000:00:05-240:00:00"
^SCFG: "GPRS/ATS0/withAttach",("on","off")
^SCFG: "GPRS/AutoAttach",("disabled","enabled")
^SCFG: "GPRS/PersistentContexts",("0","1")
^SCFG: "GPRS/RingOnIncomingData",("on","off")
^SCFG: "MEopMode/Airplane",("on","off")
^SCFG: "MEopMode/Airplane/OnStart",("on","off")
^SCFG: "MEShutdown/OnIgnition",("on","off")
^SCFG: "PowerSaver/Mode9/Timeout",("5-36000")
^SCFG: "Radio/Band",("1-12","1-15")
^SCFG: "Radio/OutputPowerReduction",("1","2","3")
^SCFG: "Tcp/IRT",("1-60")
^SCFG: "Tcp/MR",("1-30")
^SCFG: "Tcp/SAck",("0","1")
^SCFG: "Tcp/TTcp",("0","1")
^SCFG: "Tcp/OT",("1-6000")
^SCFG: "Tcp/WithURCs",("off","on")
^SCFG: "Trace/Syslog/OTAP","0","1"
^SCFG: "Userware/Autostart",("0","1")
^SCFG: "Userware/Autostart/AppName",("0-100")
^SCFG: "Userware/Autostart/Delay",("0-10000")
^SCFG: "Userware/DebugInterface",("192.168.0.0"),("192.168.0.0"),("0")
^SCFG: "Userware/Passwd",("0-8")
^SCFG: "Userware/Mode",("normal","test","debug"),("URL"),("0-65535")
^SCFG: "Userware/Stdout",("ASC0","ASC1","USB","FILE","UDP","NULL"),("1"-"65535"),("1-126"),("buffered","secure")
^SCFG: "URC/CallStatus/CIEV",("restricted","verbose")
^SCFG: "URC/CallStatus/SLCC",("restricted","verbose")
^SCFG: "URC/Datamode/Ringline",("off","on")
^SCFG: "URC/Ringline",("off","local","asc0")
^SCFG: "URC/Ringline/ActiveTime",("0","1","2")

OK
at^scfg="Userware/Stdout","FILE","65535","1","buffered"
^SCFG: "Userware/Stdout","FILE","65535","1","buffered"

OK
~.Connected.
Connected.

Disconnected.
