total 1168
-rw-r--r-- 1 elink elink  32767 2009-09-27 14:49 logfile.1
-rw-r--r-- 1 elink elink  32767 2009-09-27 14:49 logfile.0
drwxr-xr-x 2 elink elink   4096 2009-09-27 14:45 x
srwxr-xr-x 1 elink elink      0 2009-09-27 14:37 gedit.elink.1014285269
drwx------ 2 elink elink   4096 2009-09-27 14:37 orbit-elink
drwxr-xr-x 2 elink elink   4096 2009-09-27 13:25 vcs-1254075940095
drwxr-xr-x 2 elink elink   4096 2009-09-27 13:25 vcs-1254075911742
drwxr-xr-x 2 elink elink   4096 2009-09-27 13:25 vcs-1254075911810
drwxr-xr-x 2 elink elink   4096 2009-09-27 13:25 vcs-1254075909439
drwxr-xr-x 2 elink elink   4096 2009-09-27 13:25 vcs-1254075908415
-rw-r--r-- 1 elink elink  16360 2009-09-27 13:21 output1254075666121
drwxr-xr-x 2 elink elink   4096 2009-09-27 13:20 vcs-1254075633266
drwxr-xr-x 2 elink elink   4096 2009-09-27 13:20 vcs-1254075632557
drwxr-xr-x 2 elink elink   4096 2009-09-27 13:20 vcs-1254075630364
drwxr-xr-x 2 elink elink   4096 2009-09-27 13:20 vcs-1254075628198
drwxr-xr-x 2 elink elink   4096 2009-09-27 13:20 vcs-1254075626394
drwxr-xr-x 2 elink elink   4096 2009-09-27 13:20 vcs-1254075621917
drwxr-xr-x 2 elink elink   4096 2009-09-27 13:20 vcs-1254075619425
drwxr-xr-x 2 elink elink   4096 2009-09-27 13:20 vcs-1254075613169
drwxr-xr-x 2 elink elink   4096 2009-09-27 13:20 vcs-1254075613326
drwxr-xr-x 2 elink elink   4096 2009-09-27 13:20 vcs-1254075612465
drwxr-xr-x 2 elink elink   4096 2009-09-27 13:20 vcs-1254075612571
drwxr-xr-x 2 elink elink   4096 2009-09-27 13:20 vcs-1254075611224
drwxr-xr-x 2 elink elink   4096 2009-09-27 13:20 vcs-1254075610125
drwxr-xr-x 2 elink elink   4096 2009-09-27 13:20 vcs-1254075610645
drwxr-xr-x 2 elink elink   4096 2009-09-27 13:20 vcs-1254075609990
drwxr-xr-x 2 elink elink   4096 2009-09-27 13:08 vcs-1254074936691
drwxr-xr-x 2 elink elink   4096 2009-09-27 13:08 vcs-1254074909407
drwxr-xr-x 2 elink elink   4096 2009-09-27 13:08 vcs-1254074908762
drwxr-xr-x 2 elink elink   4096 2009-09-27 13:08 vcs-1254074908765
drwxr-xr-x 2 elink elink   4096 2009-09-27 13:08 vcs-1254074908768
drwxr-xr-x 2 elink elink   4096 2009-09-27 13:08 vcs-1254074908770
drwxr-xr-x 2 elink elink   4096 2009-09-27 13:08 vcs-1254074908772
drwxr-xr-x 2 elink elink   4096 2009-09-27 13:08 vcs-1254074908777
drwxr-xr-x 2 elink elink   4096 2009-09-27 13:08 vcs-1254074908779
drwxr-xr-x 2 elink elink   4096 2009-09-27 13:08 vcs-1254074908781
drwxr-xr-x 2 elink elink   4096 2009-09-27 13:08 vcs-1254074908784
drwxr-xr-x 2 elink elink   4096 2009-09-27 13:08 vcs-1254074908786
drwxr-xr-x 2 elink elink   4096 2009-09-27 13:08 vcs-1254074904760
drwxr-xr-x 2 elink elink   4096 2009-09-27 13:07 vcs-1254074877746
drwxr-xr-x 2 elink elink   4096 2009-09-27 13:07 vcs-1254074849072
drwxr-xr-x 2 elink elink   4096 2009-09-27 13:07 vcs-1254074847317
drwxr-xr-x 2 elink elink   4096 2009-09-27 13:07 vcs-1254074836777
drwxr-xr-x 2 elink elink   4096 2009-09-27 13:07 vcs-1254074823515
drwxr-xr-x 2 elink elink   4096 2009-09-27 13:06 vcs-1254074819276
drwxr-xr-x 2 elink elink   4096 2009-09-27 13:06 vcs-1254074817495
drwxr-xr-x 2 elink elink   4096 2009-09-27 13:06 vcs-1254074782455
drwxr-xr-x 2 elink elink   4096 2009-09-27 13:06 vcs-1254074778820
drwxr-xr-x 2 elink elink   4096 2009-09-27 13:06 vcs-1254074776055
drwxr-xr-x 2 elink elink   4096 2009-09-27 13:04 vcs-1254074691936
drwxr-xr-x 2 elink elink   4096 2009-09-27 13:04 vcs-1254074690649
drwxr-xr-x 2 elink elink   4096 2009-09-27 13:03 vcs-1254074581550
drwxr-xr-x 2 elink elink   4096 2009-09-27 13:02 vcs-1254074578699
drwxr-xr-x 2 elink elink   4096 2009-09-27 13:01 vcs-1254074465562
drwxr-xr-x 2 elink elink   4096 2009-09-27 13:00 vcs-1254074441191
drwxr-xr-x 2 elink elink   4096 2009-09-27 12:49 vcs-1254073752137
drwxr-xr-x 2 elink elink   4096 2009-09-27 12:49 vcs-1254073751377
drwxr-xr-x 2 elink elink   4096 2009-09-27 12:46 vcs-1254073609513
drwxr-xr-x 2 elink elink   4096 2009-09-27 12:45 vcs-1254073538055
drwxr-xr-x 2 elink elink   4096 2009-09-27 12:45 vcs-1254073517399
drwxr-xr-x 2 elink elink   4096 2009-09-27 12:41 vcs-1254073281341
drwxr-xr-x 2 elink elink   4096 2009-09-27 12:41 vcs-1254073281401
drwxr-xr-x 2 elink elink   4096 2009-09-27 12:41 vcs-1254073274792
drwxr-xr-x 2 elink elink   4096 2009-09-27 12:41 vcs-1254073263852
drwxr-xr-x 2 elink elink   4096 2009-09-27 12:40 vcs-1254073227334
drwxr-xr-x 2 elink elink   4096 2009-09-27 12:39 vcs-1254073177476
drwxr-xr-x 2 elink elink   4096 2009-09-27 12:39 vcs-1254073175753
drwxr-xr-x 2 elink elink   4096 2009-09-27 12:39 vcs-1254073164496
drwxr-xr-x 2 elink elink   4096 2009-09-27 12:39 vcs-1254073145699
drwxr-xr-x 2 elink elink   4096 2009-09-27 12:38 vcs-1254073109493
drwxr-xr-x 2 elink elink   4096 2009-09-27 12:38 vcs-1254073104545
drwxr-xr-x 2 elink elink   4096 2009-09-27 12:38 vcs-1254073102540
drwxr-xr-x 2 elink elink   4096 2009-09-27 12:37 vcs-1254073077360
drwxr-xr-x 2 elink elink   4096 2009-09-27 12:35 vcs-1254072920641
drwxr-xr-x 2 elink elink   4096 2009-09-27 12:35 vcs-1254072920695
drwxr-xr-x 2 elink elink   4096 2009-09-27 12:27 vcs-1254072455148
drwxr-xr-x 2 elink elink   4096 2009-09-27 12:27 vcs-1254072453888
drwxr-xr-x 2 elink elink   4096 2009-09-27 12:25 vcs-1254072330652
drwxr-xr-x 2 elink elink   4096 2009-09-27 12:25 vcs-1254072322457
drwxr-xr-x 2 elink elink   4096 2009-09-27 12:24 vcs-1254072272610
drwxr-xr-x 2 elink elink   4096 2009-09-27 12:24 vcs-1254072259404
drwxr-xr-x 2 elink elink   4096 2009-09-27 12:24 vcs-1254072257225
drwxr-xr-x 2 elink elink   4096 2009-09-27 12:22 vcs-1254072140139
drwxr-xr-x 2 elink elink   4096 2009-09-27 12:22 vcs-1254072139976
drwxr-xr-x 2 elink elink   4096 2009-09-27 12:21 vcs-1254072100303
drwxr-xr-x 2 elink elink   4096 2009-09-27 12:21 vcs-1254072094901
drwxr-xr-x 2 elink elink   4096 2009-09-27 12:21 vcs-1254072094902
drwxr-xr-x 2 elink elink   4096 2009-09-27 12:21 vcs-1254072094903
drwxr-xr-x 2 elink elink   4096 2009-09-27 12:21 vcs-1254072094904
drwxr-xr-x 2 elink elink   4096 2009-09-27 12:21 vcs-1254072094906
drwxr-xr-x 2 elink elink   4096 2009-09-27 12:21 vcs-1254072094907
drwxr-xr-x 2 elink elink   4096 2009-09-27 12:21 vcs-1254072094908
drwxr-xr-x 2 elink elink   4096 2009-09-27 12:21 vcs-1254072094909
drwxr-xr-x 2 elink elink   4096 2009-09-27 12:21 vcs-1254072094910
drwxr-xr-x 2 elink elink   4096 2009-09-27 12:21 vcs-1254072094911
drwxr-xr-x 2 elink elink   4096 2009-09-27 12:21 vcs-1254072090283
drwxr-xr-x 2 elink elink   4096 2009-09-27 12:18 vcs-1254071902022
drwxr-xr-x 2 elink elink   4096 2009-09-27 12:18 vcs-1254071900200
drwxr-xr-x 2 elink elink   4096 2009-09-27 12:16 vcs-1254071797798
drwxr-xr-x 2 elink elink   4096 2009-09-27 12:16 vcs-1254071795884
drwxr-xr-x 2 elink elink   4096 2009-09-27 12:15 vcs-1254071724897
drwxr-xr-x 2 elink elink   4096 2009-09-27 12:15 vcs-1254071723154
drwxr-xr-x 2 elink elink   4096 2009-09-27 12:14 vcs-1254071672022
drwxr-xr-x 2 elink elink   4096 2009-09-27 12:14 vcs-1254071670810
drwxr-xr-x 2 elink elink   4096 2009-09-27 12:13 vcs-1254071610684
drwxr-xr-x 2 elink elink   4096 2009-09-27 12:13 vcs-1254071609544
drwxr-xr-x 2 elink elink   4096 2009-09-27 12:13 vcs-1254071608986
drwxr-xr-x 2 elink elink   4096 2009-09-27 12:13 vcs-1254071601575
drwxr-xr-x 2 elink elink   4096 2009-09-27 12:13 vcs-1254071599550
drwxr-xr-x 2 elink elink   4096 2009-09-27 12:13 vcs-1254071580662
drwxr-xr-x 2 elink elink   4096 2009-09-27 12:13 vcs-1254071580755
drwxr-xr-x 2 elink elink   4096 2009-09-27 12:12 vcs-1254071579471
drwxr-xr-x 2 elink elink   4096 2009-09-27 12:12 vcs-1254071574602
drwxr-xr-x 2 elink elink   4096 2009-09-27 12:12 vcs-1254071574724
drwxr-xr-x 2 elink elink   4096 2009-09-27 12:12 vcs-1254071573506
drwxr-xr-x 2 elink elink   4096 2009-09-27 12:12 vcs-1254071561047
drwxr-xr-x 2 elink elink   4096 2009-09-27 12:12 vcs-1254071559787
drwxr-xr-x 2 elink elink   4096 2009-09-27 12:12 vcs-1254071546200
drwxr-xr-x 2 elink elink   4096 2009-09-27 12:12 vcs-1254071545505
drwxr-xr-x 2 elink elink   4096 2009-09-27 12:12 vcs-1254071543869
drwxr-xr-x 2 elink elink   4096 2009-09-27 12:12 vcs-1254071541770
drwxr-xr-x 2 elink elink   4096 2009-09-27 12:12 vcs-1254071535050
drwxr-xr-x 2 elink elink   4096 2009-09-27 12:12 vcs-1254071534954
drwxr-xr-x 2 elink elink   4096 2009-09-27 12:11 vcs-1254071512204
drwxr-xr-x 2 elink elink   4096 2009-09-27 12:11 vcs-1254071512866
drwxr-xr-x 2 elink elink   4096 2009-09-27 12:10 vcs-1254071451758
drwxr-xr-x 2 elink elink   4096 2009-09-27 12:10 vcs-1254071450537
drwxr-xr-x 2 elink elink   4096 2009-09-27 12:10 vcs-1254071442520
drwxr-xr-x 2 elink elink   4096 2009-09-27 12:09 vcs-1254071397124
drwxr-xr-x 2 elink elink   4096 2009-09-27 12:09 vcs-1254071396847
drwxr-xr-x 2 elink elink   4096 2009-09-27 12:09 vcs-1254071371460
drwxr-xr-x 2 elink elink   4096 2009-09-27 12:09 vcs-1254071370949
drwxr-xr-x 2 elink elink   4096 2009-09-27 12:09 vcs-1254071364309
drwxr-xr-x 2 elink elink   4096 2009-09-27 12:09 vcs-1254071363668
drwxr-xr-x 2 elink elink   4096 2009-09-27 12:09 vcs-1254071362101
drwxr-xr-x 2 elink elink   4096 2009-09-27 12:09 vcs-1254071362774
drwxr-xr-x 2 elink elink   4096 2009-09-27 12:09 vcs-1254071361150
drwxr-xr-x 2 elink elink   4096 2009-09-27 12:09 vcs-1254071361793
drwxr-xr-x 2 elink elink   4096 2009-09-27 12:09 vcs-1254071360517
drwxr-xr-x 2 elink elink   4096 2009-09-27 12:08 vcs-1254071312599
drwxr-xr-x 2 elink elink   4096 2009-09-27 12:08 vcs-1254071311895
drwxr-xr-x 2 elink elink   4096 2009-09-27 12:08 vcs-1254071310531
drwxr-xr-x 2 elink elink   4096 2009-09-27 12:08 vcs-1254071310858
drwxr-xr-x 2 elink elink   4096 2009-09-27 12:08 vcs-1254071309445
drwxr-xr-x 2 elink elink   4096 2009-09-27 12:08 vcs-1254071308165
drwxr-xr-x 2 elink elink   4096 2009-09-27 12:08 vcs-1254071308274
drwxr-xr-x 2 elink elink   4096 2009-09-27 12:08 vcs-1254071308435
drwxr-xr-x 2 elink elink   4096 2009-09-27 12:08 vcs-1254071308511
drwxr-xr-x 2 elink elink   4096 2009-09-27 12:08 vcs-1254071308656
drwxr-xr-x 2 elink elink   4096 2009-09-27 12:08 vcs-1254071308744
drwxr-xr-x 2 elink elink   4096 2009-09-27 12:08 vcs-1254071307135
drwxr-xr-x 2 elink elink   4096 2009-09-27 12:08 vcs-1254071307460
drwxr-xr-x 2 elink elink   4096 2009-09-27 12:08 vcs-1254071307585
drwxr-xr-x 2 elink elink   4096 2009-09-27 12:08 vcs-1254071307732
drwxr-xr-x 2 elink elink   4096 2009-09-27 12:08 vcs-1254071307879
drwxr-xr-x 2 elink elink   4096 2009-09-27 12:08 vcs-1254071307997
drwxr-xr-x 2 elink elink   4096 2009-09-27 12:08 vcs-1254071305042
drwxr-xr-x 2 elink elink   4096 2009-09-27 12:08 vcs-1254071305226
drwxr-xr-x 2 elink elink   4096 2009-09-27 12:08 vcs-1254071304103
drwxr-xr-x 2 elink elink   4096 2009-09-27 12:08 vcs-1254071304176
drwxr-xr-x 2 elink elink   4096 2009-09-27 12:08 vcs-1254071304742
drwxr-xr-x 2 elink elink   4096 2009-09-27 12:08 vcs-1254071304822
drwxr-xr-x 2 elink elink   4096 2009-09-27 12:08 vcs-1254071304877
drwxr-xr-x 2 elink elink   4096 2009-09-27 12:08 vcs-1254071303741
drwxr-xr-x 2 elink elink   4096 2009-09-27 12:08 vcs-1254071303805
drwxr-xr-x 2 elink elink   4096 2009-09-27 12:08 vcs-1254071303894
drwxr-xr-x 2 elink elink   4096 2009-09-27 12:08 vcs-1254071302793
drwxr-xr-x 2 elink elink   4096 2009-09-27 12:08 vcs-1254071288042
drwxr-xr-x 2 elink elink   4096 2009-09-27 12:08 vcs-1254071284027
drwxr-xr-x 2 elink elink   4096 2009-09-27 12:08 vcs-1254071282185
drwxr-xr-x 2 elink elink   4096 2009-09-27 12:08 vcs-1254071282669
drwxr-xr-x 2 elink elink   4096 2009-09-27 12:08 vcs-1254071282983
drwxr-xr-x 2 elink elink   4096 2009-09-27 12:08 vcs-1254071281116
drwxr-xr-x 2 elink elink   4096 2009-09-27 12:08 vcs-1254071280356
drwxr-xr-x 2 elink elink   4096 2009-09-27 12:07 vcs-1254071279586
drwxr-xr-x 2 elink elink   4096 2009-09-27 12:07 vcs-1254071276135
drwxr-xr-x 2 elink elink   4096 2009-09-27 12:07 vcs-1254071270540
drwxr-xr-x 2 elink elink   4096 2009-09-27 12:07 vcs-1254071270616
drwxr-xr-x 2 elink elink   4096 2009-09-27 12:07 vcs-1254071269382
drwxr-xr-x 2 elink elink   4096 2009-09-27 12:07 vcs-1254071269451
drwxr-xr-x 2 elink elink   4096 2009-09-27 12:07 vcs-1254071269896
drwxr-xr-x 2 elink elink   4096 2009-09-27 12:07 vcs-1254071269970
drwxr-xr-x 2 elink elink   4096 2009-09-27 12:07 vcs-1254071268470
drwxr-xr-x 2 elink elink   4096 2009-09-27 12:07 vcs-1254071268889
drwxr-xr-x 2 elink elink   4096 2009-09-27 12:07 vcs-1254071265643
drwxr-xr-x 2 elink elink   4096 2009-09-27 12:07 vcs-1254071264828
drwxr-xr-x 2 elink elink   4096 2009-09-27 12:07 vcs-1254071264908
drwxr-xr-x 2 elink elink   4096 2009-09-27 12:07 vcs-1254071262095
drwxr-xr-x 2 elink elink   4096 2009-09-27 12:07 vcs-1254071262746
drwxr-xr-x 2 elink elink   4096 2009-09-27 12:07 vcs-1254071261924
drwxr-xr-x 2 elink elink   4096 2009-09-27 12:07 vcs-1254071260003
drwxr-xr-x 2 elink elink   4096 2009-09-27 12:07 vcs-1254071260671
drwxr-xr-x 2 elink elink   4096 2009-09-27 12:07 vcs-1254071259023
drwxr-xr-x 2 elink elink   4096 2009-09-27 12:07 vcs-1254071259191
drwxr-xr-x 2 elink elink   4096 2009-09-27 12:07 vcs-1254071259313
drwxr-xr-x 2 elink elink   4096 2009-09-27 12:07 vcs-1254071259434
drwxr-xr-x 2 elink elink   4096 2009-09-27 12:07 vcs-1254071259517
drwxr-xr-x 2 elink elink   4096 2009-09-27 12:07 vcs-1254071259608
drwxr-xr-x 2 elink elink   4096 2009-09-27 12:07 vcs-1254071259758
drwxr-xr-x 2 elink elink   4096 2009-09-27 12:07 vcs-1254071259901
drwxr-xr-x 2 elink elink   4096 2009-09-27 12:07 vcs-1254071257503
drwxr-xr-x 2 elink elink   4096 2009-09-27 12:07 vcs-1254071256580
drwxr-xr-x 2 elink elink   4096 2009-09-27 12:07 vcs-1254071256664
drwxr-xr-x 2 elink elink   4096 2009-09-27 12:07 vcs-1254071254134
drwxr-xr-x 2 elink elink   4096 2009-09-27 12:07 vcs-1254071254751
drwxr-xr-x 2 elink elink   4096 2009-09-27 12:07 vcs-1254071254907
drwxr-xr-x 2 elink elink   4096 2009-09-27 12:07 vcs-1254071252302
drwxr-xr-x 2 elink elink   4096 2009-09-27 12:07 vcs-1254071252681
drwxr-xr-x 2 elink elink   4096 2009-09-27 12:07 vcs-1254071248709
drwxr-xr-x 2 elink elink   4096 2009-09-27 12:07 vcs-1254071247956
drwxr-xr-x 2 elink elink   4096 2009-09-27 12:07 vcs-1254071242110
drwxr-xr-x 2 elink elink   4096 2009-09-27 12:07 vcs-1254071242181
drwxr-xr-x 2 elink elink   4096 2009-09-27 12:07 vcs-1254071241491
drwxr-xr-x 2 elink elink   4096 2009-09-27 12:07 vcs-1254071240788
drwxr-xr-x 2 elink elink   4096 2009-09-27 12:07 vcs-1254071240849
drwxr-xr-x 2 elink elink   4096 2009-09-27 12:07 vcs-1254071239602
drwxr-xr-x 2 elink elink   4096 2009-09-27 12:07 vcs-1254071238225
drwxr-xr-x 2 elink elink   4096 2009-09-27 12:07 vcs-1254071238509
drwxr-xr-x 2 elink elink   4096 2009-09-27 12:07 vcs-1254071238641
drwxr-xr-x 2 elink elink   4096 2009-09-27 12:07 vcs-1254071236555
drwxr-xr-x 2 elink elink   4096 2009-09-27 12:07 vcs-1254071235393
drwxr-xr-x 2 elink elink   4096 2009-09-27 12:07 vcs-1254071234919
drwxr-xr-x 2 elink elink   4096 2009-09-27 12:07 vcs-1254071233686
drwxr-xr-x 2 elink elink   4096 2009-09-27 12:07 vcs-1254071233891
drwxr-xr-x 2 elink elink   4096 2009-09-27 12:07 vcs-1254071233998
drwxr-xr-x 2 elink elink   4096 2009-09-27 12:07 vcs-1254071231429
drwxr-xr-x 2 elink elink   4096 2009-09-27 12:07 vcs-1254071229010
drwxr-xr-x 2 elink elink   4096 2009-09-27 12:07 vcs-1254071229254
drwxr-xr-x 2 elink elink   4096 2009-09-27 12:06 vcs-1254071210786
drwxr-xr-x 2 elink elink   4096 2009-09-27 12:06 vcs-1254071178016
drwxr-xr-x 2 elink elink   4096 2009-09-27 12:06 vcs-1254071177257
drwxr-xr-x 2 elink elink   4096 2009-09-27 12:06 vcs-1254071176458
drwxr-xr-x 2 elink elink   4096 2009-09-27 12:06 vcs-1254071174726
-rw-r--r-- 1 elink elink     52 2009-09-27 12:00 2009-09-27.f-spot-import
drwxr-xr-x 2 elink elink   4096 2009-09-27 11:59 jarfscacheelink
drwxr-xr-x 2 elink elink   4096 2009-09-27 11:59 vcs-1254070789608
drwxr-xr-x 2 elink elink   4096 2009-09-27 11:59 vcs-1254070788946
-rw-r--r-- 1 elink elink 121005 2009-09-27 11:59 jna4809246416445849307.tmp
drwxr-xr-x 2 elink elink   4096 2009-09-27 11:58 hsperfdata_elink
drwx------ 2 elink elink   4096 2009-09-27 10:25 virtual-elink.LIxHYB
drwx------ 3 elink elink   4096 2009-09-27 10:25 tracker-elink
drwx------ 2 elink elink   4096 2009-09-27 10:25 keyring-ALiE2i
drwx------ 2 elink elink   4096 2009-09-27 10:24 seahorse-bik75A
drwx------ 2 elink elink   4096 2009-09-27 10:24 pulse-PaVhhvMTPjWv
drwx------ 2 elink elink   4096 2009-09-27 10:24 ssh-MdBKmt3957
drwx------ 2 root  root    4096 2009-09-27 10:24 pulse-PKdhtXMmr18n
