spawn cu -l /dev/ttyUSB0 -s 115200
Connected.
at
OK
at^scid
^SCID: 89014104232781108997

OK
at+cgsn
354745031233176

OK
at^scfg?
^SCFG: "AutoExec","0","0","0","0",""
^SCFG: "AutoExec","0","1","0","0","","000:00:00","086:28:15"
^SCFG: "AutoExec","0","1","1","0","","000:00:00","086:28:15"
^SCFG: "AutoExec","0","1","2","0","","000:00:00","086:28:15"
^SCFG: "Call/ECC","255"
^SCFG: "GPRS/ATS0/withAttach","on"
^SCFG: "GPRS/AutoAttach","disabled"
^SCFG: "GPRS/PersistentContexts","0"
^SCFG: "GPRS/RingOnIncomingData","off"
^SCFG: "MEopMode/Airplane","off"
^SCFG: "MEopMode/Airplane/OnStart","off"
^SCFG: "MEShutdown/OnIgnition","on"
^SCFG: "PowerSaver/Mode9/Timeout","20"
^SCFG: "Radio/Band","12","15"
^SCFG: "Radio/CNS","0"
^SCFG: "Radio/FirstScan","0"
^SCFG: "Radio/OutputPowerReduction","3"
^SCFG: "Serial/USB/DDD","0","0","0409","0681","0034","Siemens AG Wireless Modules","TC65",""
^SCFG: "Tcp/BufSize","5200"
^SCFG: "Tcp/IRT","3"
^SCFG: "Tcp/MR","10"
^SCFG: "Tcp/OT","6000"
^SCFG: "Tcp/SAck","1"
^SCFG: "Tcp/TTcp","0"
^SCFG: "Tcp/WithURCs","on"
^SCFG: "Trace/Syslog/OTAP","0"
^SCFG: "Userware/Autostart","0"
^SCFG: "Userware/Autostart/AppName","a:/ota/GlucoMonStationary.jar"
^SCFG: "Userware/Autostart/Delay","100"
^SCFG: "Userware/DebugInterface","0.0.0.0","0.0.0.0","0"
^SCFG: "Userware/Passwd"
^SCFG: "Userware/Mode","normal","","0"
^SCFG: "Userware/Stdout","ASC1"
^SCFG: "Userware/Watchdog","0"
^SCFG: "URC/CallStatus/CIEV","restricted"
^SCFG: "URC/CallStatus/SLCC","verbose"
^SCFG: "URC/Datamode/Ringline","off"
^SCFG: "URC/Ringline","local"
^SCFG: "URC/Ringline/ActiveTime","2"

OK
